<?xml version="1.0" encoding="UTF-8"?>
<testsuite name="com.msproject.pet.service.UserServiceTest" tests="1" skipped="0" failures="0" errors="0" timestamp="2023-01-25T08:05:43" hostname="DESKTOP-Q4CPRSS" time="0.632">
  <properties/>
  <testcase name="1. 유저 생성 테스트" classname="com.msproject.pet.service.UserServiceTest" time="0.632"/>
  <system-out><![CDATA[17:05:35.897 [Test worker] DEBUG org.springframework.test.context.BootstrapUtils - Instantiating CacheAwareContextLoaderDelegate from class [org.springframework.test.context.cache.DefaultCacheAwareContextLoaderDelegate]
17:05:35.910 [Test worker] DEBUG org.springframework.test.context.BootstrapUtils - Instantiating BootstrapContext using constructor [public org.springframework.test.context.support.DefaultBootstrapContext(java.lang.Class,org.springframework.test.context.CacheAwareContextLoaderDelegate)]
17:05:35.955 [Test worker] DEBUG org.springframework.test.context.BootstrapUtils - Instantiating TestContextBootstrapper for test class [com.msproject.pet.service.UserServiceTest] from class [org.springframework.boot.test.context.SpringBootTestContextBootstrapper]
17:05:35.969 [Test worker] INFO org.springframework.boot.test.context.SpringBootTestContextBootstrapper - Neither @ContextConfiguration nor @ContextHierarchy found for test class [com.msproject.pet.service.UserServiceTest], using SpringBootContextLoader
17:05:35.973 [Test worker] DEBUG org.springframework.test.context.support.AbstractContextLoader - Did not detect default resource location for test class [com.msproject.pet.service.UserServiceTest]: class path resource [com/msproject/pet/service/UserServiceTest-context.xml] does not exist
17:05:35.974 [Test worker] DEBUG org.springframework.test.context.support.AbstractContextLoader - Did not detect default resource location for test class [com.msproject.pet.service.UserServiceTest]: class path resource [com/msproject/pet/service/UserServiceTestContext.groovy] does not exist
17:05:35.974 [Test worker] INFO org.springframework.test.context.support.AbstractContextLoader - Could not detect default resource locations for test class [com.msproject.pet.service.UserServiceTest]: no resource found for suffixes {-context.xml, Context.groovy}.
17:05:35.975 [Test worker] INFO org.springframework.test.context.support.AnnotationConfigContextLoaderUtils - Could not detect default configuration classes for test class [com.msproject.pet.service.UserServiceTest]: UserServiceTest does not declare any static, non-private, non-final, nested classes annotated with @Configuration.
17:05:36.033 [Test worker] DEBUG org.springframework.test.context.support.ActiveProfilesUtils - Could not find an 'annotation declaring class' for annotation type [org.springframework.test.context.ActiveProfiles] and class [com.msproject.pet.service.UserServiceTest]
17:05:36.141 [Test worker] DEBUG org.springframework.context.annotation.ClassPathScanningCandidateComponentProvider - Identified candidate component class: file [C:\Users\cortm\Downloads\pet\pet\build\classes\java\main\com\msproject\pet\PetApplication.class]
17:05:36.143 [Test worker] INFO org.springframework.boot.test.context.SpringBootTestContextBootstrapper - Found @SpringBootConfiguration com.msproject.pet.PetApplication for test class com.msproject.pet.service.UserServiceTest
17:05:36.270 [Test worker] DEBUG org.springframework.boot.test.context.SpringBootTestContextBootstrapper - @TestExecutionListeners is not present for class [com.msproject.pet.service.UserServiceTest]: using defaults.
17:05:36.270 [Test worker] INFO org.springframework.boot.test.context.SpringBootTestContextBootstrapper - Loaded default TestExecutionListener class names from location [META-INF/spring.factories]: [org.springframework.boot.test.autoconfigure.restdocs.RestDocsTestExecutionListener, org.springframework.boot.test.autoconfigure.web.client.MockRestServiceServerResetTestExecutionListener, org.springframework.boot.test.autoconfigure.web.servlet.MockMvcPrintOnlyOnFailureTestExecutionListener, org.springframework.boot.test.autoconfigure.web.servlet.WebDriverTestExecutionListener, org.springframework.boot.test.autoconfigure.webservices.client.MockWebServiceServerTestExecutionListener, org.springframework.boot.test.mock.mockito.MockitoTestExecutionListener, org.springframework.boot.test.mock.mockito.ResetMocksTestExecutionListener, org.springframework.test.context.web.ServletTestExecutionListener, org.springframework.test.context.support.DirtiesContextBeforeModesTestExecutionListener, org.springframework.test.context.event.ApplicationEventsTestExecutionListener, org.springframework.test.context.support.DependencyInjectionTestExecutionListener, org.springframework.test.context.support.DirtiesContextTestExecutionListener, org.springframework.test.context.transaction.TransactionalTestExecutionListener, org.springframework.test.context.jdbc.SqlScriptsTestExecutionListener, org.springframework.test.context.event.EventPublishingTestExecutionListener]
17:05:36.291 [Test worker] INFO org.springframework.boot.test.context.SpringBootTestContextBootstrapper - Using TestExecutionListeners: [org.springframework.test.context.web.ServletTestExecutionListener@f9879ac, org.springframework.test.context.support.DirtiesContextBeforeModesTestExecutionListener@37f21974, org.springframework.test.context.event.ApplicationEventsTestExecutionListener@5f4d427e, org.springframework.boot.test.mock.mockito.MockitoTestExecutionListener@6e521c1e, org.springframework.boot.test.autoconfigure.SpringBootDependencyInjectionTestExecutionListener@224b4d61, org.springframework.test.context.support.DirtiesContextTestExecutionListener@5d5d9e5, org.springframework.test.context.transaction.TransactionalTestExecutionListener@303e3593, org.springframework.test.context.jdbc.SqlScriptsTestExecutionListener@4ef27d66, org.springframework.test.context.event.EventPublishingTestExecutionListener@362a019c, org.springframework.boot.test.autoconfigure.restdocs.RestDocsTestExecutionListener@1d9bec4d, org.springframework.boot.test.autoconfigure.web.client.MockRestServiceServerResetTestExecutionListener@5c48c0c0, org.springframework.boot.test.autoconfigure.web.servlet.MockMvcPrintOnlyOnFailureTestExecutionListener@10c8f62, org.springframework.boot.test.autoconfigure.web.servlet.WebDriverTestExecutionListener@674c583e, org.springframework.boot.test.autoconfigure.webservices.client.MockWebServiceServerTestExecutionListener@25f7391e, org.springframework.boot.test.mock.mockito.ResetMocksTestExecutionListener@3f23a3a0]
17:05:36.295 [Test worker] DEBUG org.springframework.test.context.support.AbstractDirtiesContextTestExecutionListener - Before test class: context [DefaultTestContext@9d157ff testClass = UserServiceTest, testInstance = [null], testMethod = [null], testException = [null], mergedContextConfiguration = [WebMergedContextConfiguration@2f162cc0 testClass = UserServiceTest, locations = '{}', classes = '{class com.msproject.pet.PetApplication}', contextInitializerClasses = '[]', activeProfiles = '{}', propertySourceLocations = '{}', propertySourceProperties = '{org.springframework.boot.test.context.SpringBootTestContextBootstrapper=true}', contextCustomizers = set[org.springframework.boot.test.autoconfigure.actuate.metrics.MetricsExportContextCustomizerFactory$DisableMetricExportContextCustomizer@331acdad, org.springframework.boot.test.autoconfigure.properties.PropertyMappingContextCustomizer@0, org.springframework.boot.test.autoconfigure.web.servlet.WebDriverContextCustomizerFactory$Customizer@2b4c1d96, org.springframework.boot.test.context.filter.ExcludeFilterContextCustomizer@76884e4b, org.springframework.boot.test.json.DuplicateJsonObjectContextCustomizerFactory$DuplicateJsonObjectContextCustomizer@6d3c5255, org.springframework.boot.test.mock.mockito.MockitoContextCustomizer@0, org.springframework.boot.test.web.client.TestRestTemplateContextCustomizer@6127a7e, org.springframework.boot.test.context.SpringBootTestArgs@1, org.springframework.boot.test.context.SpringBootTestWebEnvironment@1de76cc7], resourceBasePath = 'src/main/webapp', contextLoader = 'org.springframework.boot.test.context.SpringBootContextLoader', parent = [null]], attributes = map['org.springframework.test.context.web.ServletTestExecutionListener.activateListener' -> true]], class annotated with @DirtiesContext [false] with mode [null].

  .   ____          _            __ _ _
 /\\ / ___'_ __ _ _(_)_ __  __ _ \ \ \ \
( ( )\___ | '_ | '_| | '_ \/ _` | \ \ \ \
 \\/  ___)| |_)| | | | | || (_| |  ) ) ) )
  '  |____| .__|_| |_|_| |_\__, | / / / /
 =========|_|==============|___/=/_/_/_/
 :: Spring Boot ::                (v2.7.7)

2023-01-25 17:05:36.767  WARN 14924 --- [    Test worker] ory$DuplicateJsonObjectContextCustomizer : 

Found multiple occurrences of org.json.JSONObject on the class path:

	jar:file:/C:/Users/cortm/.gradle/caches/modules-2/files-2.1/org.json/json/20210307/528c8df3757e8bcf151817b1d7b9b434f6aa08d5/json-20210307.jar!/org/json/JSONObject.class
	jar:file:/C:/Users/cortm/.gradle/caches/modules-2/files-2.1/com.vaadin.external.google/android-json/0.0.20131108.vaadin1/fa26d351fe62a6a17f5cda1287c1c6110dec413f/android-json-0.0.20131108.vaadin1.jar!/org/json/JSONObject.class

You may wish to exclude one of them to ensure predictable runtime behavior

2023-01-25 17:05:36.787  INFO 14924 --- [    Test worker] c.msproject.pet.service.UserServiceTest  : Starting UserServiceTest using Java 17.0.4.1 on DESKTOP-Q4CPRSS with PID 14924 (started by cortm in C:\Users\cortm\Downloads\pet\pet)
2023-01-25 17:05:36.788  INFO 14924 --- [    Test worker] c.msproject.pet.service.UserServiceTest  : No active profile set, falling back to 1 default profile: "default"
2023-01-25 17:05:38.003  INFO 14924 --- [    Test worker] .s.d.r.c.RepositoryConfigurationDelegate : Bootstrapping Spring Data JPA repositories in DEFAULT mode.
2023-01-25 17:05:38.094  INFO 14924 --- [    Test worker] .s.d.r.c.RepositoryConfigurationDelegate : Finished Spring Data repository scanning in 79 ms. Found 3 JPA repository interfaces.
2023-01-25 17:05:38.940  INFO 14924 --- [    Test worker] o.hibernate.jpa.internal.util.LogHelper  : HHH000204: Processing PersistenceUnitInfo [name: default]
2023-01-25 17:05:39.049  INFO 14924 --- [    Test worker] org.hibernate.Version                    : HHH000412: Hibernate ORM core version 5.6.14.Final
2023-01-25 17:05:39.299  INFO 14924 --- [    Test worker] o.hibernate.annotations.common.Version   : HCANN000001: Hibernate Commons Annotations {5.1.2.Final}
2023-01-25 17:05:39.454  INFO 14924 --- [    Test worker] com.zaxxer.hikari.HikariDataSource       : HikariPool-1 - Starting...
2023-01-25 17:05:39.892  INFO 14924 --- [    Test worker] com.zaxxer.hikari.HikariDataSource       : HikariPool-1 - Start completed.
2023-01-25 17:05:39.949  INFO 14924 --- [    Test worker] org.hibernate.dialect.Dialect            : HHH000400: Using dialect: org.hibernate.dialect.MySQL57Dialect
2023-01-25 17:05:40.863  INFO 14924 --- [    Test worker] o.h.e.t.j.p.i.JtaPlatformInitiator       : HHH000490: Using JtaPlatform implementation: [org.hibernate.engine.transaction.jta.platform.internal.NoJtaPlatform]
2023-01-25 17:05:40.873  INFO 14924 --- [    Test worker] j.LocalContainerEntityManagerFactoryBean : Initialized JPA EntityManagerFactory for persistence unit 'default'
2023-01-25 17:05:41.920  WARN 14924 --- [    Test worker] JpaBaseConfiguration$JpaWebConfiguration : spring.jpa.open-in-view is enabled by default. Therefore, database queries may be performed during view rendering. Explicitly configure spring.jpa.open-in-view to disable this warning
2023-01-25 17:05:42.392  INFO 14924 --- [    Test worker] o.s.s.web.DefaultSecurityFilterChain     : Will secure any request with [org.springframework.security.web.session.DisableEncodeUrlFilter@63218586, org.springframework.security.web.context.request.async.WebAsyncManagerIntegrationFilter@341c0dfc, org.springframework.security.web.context.SecurityContextPersistenceFilter@31a80c88, org.springframework.security.web.header.HeaderWriterFilter@5c41f6a0, org.springframework.web.filter.CorsFilter@7e0b68e5, org.springframework.security.web.authentication.logout.LogoutFilter@65f96d58, com.msproject.pet.util.TokenRequestFilter@7b6b466a, org.springframework.security.web.savedrequest.RequestCacheAwareFilter@7668f8fd, org.springframework.security.web.servletapi.SecurityContextHolderAwareRequestFilter@75566f4, org.springframework.security.web.authentication.AnonymousAuthenticationFilter@507fecf3, org.springframework.security.web.session.SessionManagementFilter@7ef3aa21, org.springframework.security.web.access.ExceptionTranslationFilter@6ec77cab, org.springframework.security.web.access.intercept.FilterSecurityInterceptor@71ac5723]
2023-01-25 17:05:43.135  INFO 14924 --- [    Test worker] c.msproject.pet.service.UserServiceTest  : Started UserServiceTest in 6.801 seconds (JVM running for 8.438)
Hibernate: select userentity0_.idx as col_0_0_ from tb_user userentity0_ where userentity0_.user_id=? limit ?
Hibernate: insert into tb_user (user_id, user_name, user_pw) values (?, ?, ?)
]]></system-out>
  <system-err><![CDATA[]]></system-err>
</testsuite>
