<?xml version="1.0" encoding="UTF-8"?>
<testsuite name="com.msproject.pet.web.UserControllerTest" tests="1" skipped="0" failures="0" errors="0" timestamp="2023-01-22T03:38:28" hostname="DESKTOP-Q4CPRSS" time="0.683">
  <properties/>
  <testcase name="2. 로그인 성공 테스트" classname="com.msproject.pet.web.UserControllerTest" time="0.683"/>
  <system-out><![CDATA[12:38:22.463 [Test worker] DEBUG org.springframework.test.context.BootstrapUtils - Instantiating CacheAwareContextLoaderDelegate from class [org.springframework.test.context.cache.DefaultCacheAwareContextLoaderDelegate]
12:38:22.473 [Test worker] DEBUG org.springframework.test.context.BootstrapUtils - Instantiating BootstrapContext using constructor [public org.springframework.test.context.support.DefaultBootstrapContext(java.lang.Class,org.springframework.test.context.CacheAwareContextLoaderDelegate)]
12:38:22.503 [Test worker] DEBUG org.springframework.test.context.BootstrapUtils - Instantiating TestContextBootstrapper for test class [com.msproject.pet.web.UserControllerTest] from class [org.springframework.boot.test.context.SpringBootTestContextBootstrapper]
12:38:22.519 [Test worker] INFO org.springframework.boot.test.context.SpringBootTestContextBootstrapper - Neither @ContextConfiguration nor @ContextHierarchy found for test class [com.msproject.pet.web.UserControllerTest], using SpringBootContextLoader
12:38:22.525 [Test worker] DEBUG org.springframework.test.context.support.AbstractContextLoader - Did not detect default resource location for test class [com.msproject.pet.web.UserControllerTest]: class path resource [com/msproject/pet/web/UserControllerTest-context.xml] does not exist
12:38:22.526 [Test worker] DEBUG org.springframework.test.context.support.AbstractContextLoader - Did not detect default resource location for test class [com.msproject.pet.web.UserControllerTest]: class path resource [com/msproject/pet/web/UserControllerTestContext.groovy] does not exist
12:38:22.526 [Test worker] INFO org.springframework.test.context.support.AbstractContextLoader - Could not detect default resource locations for test class [com.msproject.pet.web.UserControllerTest]: no resource found for suffixes {-context.xml, Context.groovy}.
12:38:22.526 [Test worker] INFO org.springframework.test.context.support.AnnotationConfigContextLoaderUtils - Could not detect default configuration classes for test class [com.msproject.pet.web.UserControllerTest]: UserControllerTest does not declare any static, non-private, non-final, nested classes annotated with @Configuration.
12:38:22.579 [Test worker] DEBUG org.springframework.test.context.support.ActiveProfilesUtils - Could not find an 'annotation declaring class' for annotation type [org.springframework.test.context.ActiveProfiles] and class [com.msproject.pet.web.UserControllerTest]
12:38:22.672 [Test worker] DEBUG org.springframework.context.annotation.ClassPathScanningCandidateComponentProvider - Identified candidate component class: file [C:\Users\cortm\Downloads\pet\pet\build\classes\java\main\com\msproject\pet\PetApplication.class]
12:38:22.674 [Test worker] INFO org.springframework.boot.test.context.SpringBootTestContextBootstrapper - Found @SpringBootConfiguration com.msproject.pet.PetApplication for test class com.msproject.pet.web.UserControllerTest
12:38:22.764 [Test worker] DEBUG org.springframework.boot.test.context.SpringBootTestContextBootstrapper - @TestExecutionListeners is not present for class [com.msproject.pet.web.UserControllerTest]: using defaults.
12:38:22.765 [Test worker] INFO org.springframework.boot.test.context.SpringBootTestContextBootstrapper - Loaded default TestExecutionListener class names from location [META-INF/spring.factories]: [org.springframework.boot.test.autoconfigure.restdocs.RestDocsTestExecutionListener, org.springframework.boot.test.autoconfigure.web.client.MockRestServiceServerResetTestExecutionListener, org.springframework.boot.test.autoconfigure.web.servlet.MockMvcPrintOnlyOnFailureTestExecutionListener, org.springframework.boot.test.autoconfigure.web.servlet.WebDriverTestExecutionListener, org.springframework.boot.test.autoconfigure.webservices.client.MockWebServiceServerTestExecutionListener, org.springframework.boot.test.mock.mockito.MockitoTestExecutionListener, org.springframework.boot.test.mock.mockito.ResetMocksTestExecutionListener, org.springframework.test.context.web.ServletTestExecutionListener, org.springframework.test.context.support.DirtiesContextBeforeModesTestExecutionListener, org.springframework.test.context.event.ApplicationEventsTestExecutionListener, org.springframework.test.context.support.DependencyInjectionTestExecutionListener, org.springframework.test.context.support.DirtiesContextTestExecutionListener, org.springframework.test.context.transaction.TransactionalTestExecutionListener, org.springframework.test.context.jdbc.SqlScriptsTestExecutionListener, org.springframework.test.context.event.EventPublishingTestExecutionListener]
12:38:22.782 [Test worker] INFO org.springframework.boot.test.context.SpringBootTestContextBootstrapper - Using TestExecutionListeners: [org.springframework.test.context.web.ServletTestExecutionListener@5c48c0c0, org.springframework.test.context.support.DirtiesContextBeforeModesTestExecutionListener@10c8f62, org.springframework.test.context.event.ApplicationEventsTestExecutionListener@674c583e, org.springframework.boot.test.mock.mockito.MockitoTestExecutionListener@25f7391e, org.springframework.boot.test.autoconfigure.SpringBootDependencyInjectionTestExecutionListener@3f23a3a0, org.springframework.test.context.support.DirtiesContextTestExecutionListener@5ab14cb9, org.springframework.test.context.transaction.TransactionalTestExecutionListener@5fb97279, org.springframework.test.context.jdbc.SqlScriptsTestExecutionListener@439a8f59, org.springframework.test.context.event.EventPublishingTestExecutionListener@61861a29, org.springframework.boot.test.autoconfigure.restdocs.RestDocsTestExecutionListener@31024624, org.springframework.boot.test.autoconfigure.web.client.MockRestServiceServerResetTestExecutionListener@25bcd0c7, org.springframework.boot.test.autoconfigure.web.servlet.MockMvcPrintOnlyOnFailureTestExecutionListener@32cb636e, org.springframework.boot.test.autoconfigure.web.servlet.WebDriverTestExecutionListener@63cd604c, org.springframework.boot.test.autoconfigure.webservices.client.MockWebServiceServerTestExecutionListener@40dd3977, org.springframework.boot.test.mock.mockito.ResetMocksTestExecutionListener@3a4e343]
12:38:22.786 [Test worker] DEBUG org.springframework.test.context.support.AbstractDirtiesContextTestExecutionListener - Before test class: context [DefaultTestContext@2f7a7219 testClass = UserControllerTest, testInstance = [null], testMethod = [null], testException = [null], mergedContextConfiguration = [WebMergedContextConfiguration@669513d8 testClass = UserControllerTest, locations = '{}', classes = '{class com.msproject.pet.PetApplication}', contextInitializerClasses = '[]', activeProfiles = '{}', propertySourceLocations = '{}', propertySourceProperties = '{org.springframework.boot.test.context.SpringBootTestContextBootstrapper=true}', contextCustomizers = set[org.springframework.boot.test.autoconfigure.actuate.metrics.MetricsExportContextCustomizerFactory$DisableMetricExportContextCustomizer@3f270e0a, org.springframework.boot.test.autoconfigure.properties.PropertyMappingContextCustomizer@0, org.springframework.boot.test.autoconfigure.web.servlet.WebDriverContextCustomizerFactory$Customizer@2dc995f4, org.springframework.boot.test.context.filter.ExcludeFilterContextCustomizer@2df6226d, org.springframework.boot.test.json.DuplicateJsonObjectContextCustomizerFactory$DuplicateJsonObjectContextCustomizer@2b4c1d96, org.springframework.boot.test.mock.mockito.MockitoContextCustomizer@0, org.springframework.boot.test.web.client.TestRestTemplateContextCustomizer@687ef2e0, org.springframework.boot.test.context.SpringBootTestArgs@1, org.springframework.boot.test.context.SpringBootTestWebEnvironment@1b2abca6], resourceBasePath = 'src/main/webapp', contextLoader = 'org.springframework.boot.test.context.SpringBootContextLoader', parent = [null]], attributes = map['org.springframework.test.context.web.ServletTestExecutionListener.activateListener' -> true]], class annotated with @DirtiesContext [false] with mode [null].

  .   ____          _            __ _ _
 /\\ / ___'_ __ _ _(_)_ __  __ _ \ \ \ \
( ( )\___ | '_ | '_| | '_ \/ _` | \ \ \ \
 \\/  ___)| |_)| | | | | || (_| |  ) ) ) )
  '  |____| .__|_| |_|_| |_\__, | / / / /
 =========|_|==============|___/=/_/_/_/
 :: Spring Boot ::                (v2.7.7)

2023-01-22 12:38:23.157  INFO 15128 --- [    Test worker] c.msproject.pet.web.UserControllerTest   : Starting UserControllerTest using Java 17.0.4.1 on DESKTOP-Q4CPRSS with PID 15128 (started by cortm in C:\Users\cortm\Downloads\pet\pet)
2023-01-22 12:38:23.159  INFO 15128 --- [    Test worker] c.msproject.pet.web.UserControllerTest   : No active profile set, falling back to 1 default profile: "default"
2023-01-22 12:38:23.995  INFO 15128 --- [    Test worker] .s.d.r.c.RepositoryConfigurationDelegate : Bootstrapping Spring Data JPA repositories in DEFAULT mode.
2023-01-22 12:38:24.075  INFO 15128 --- [    Test worker] .s.d.r.c.RepositoryConfigurationDelegate : Finished Spring Data repository scanning in 68 ms. Found 2 JPA repository interfaces.
2023-01-22 12:38:24.745  INFO 15128 --- [    Test worker] o.hibernate.jpa.internal.util.LogHelper  : HHH000204: Processing PersistenceUnitInfo [name: default]
2023-01-22 12:38:24.805  INFO 15128 --- [    Test worker] org.hibernate.Version                    : HHH000412: Hibernate ORM core version 5.6.14.Final
2023-01-22 12:38:25.017  INFO 15128 --- [    Test worker] o.hibernate.annotations.common.Version   : HCANN000001: Hibernate Commons Annotations {5.1.2.Final}
2023-01-22 12:38:25.177  INFO 15128 --- [    Test worker] com.zaxxer.hikari.HikariDataSource       : HikariPool-1 - Starting...
2023-01-22 12:38:25.560  INFO 15128 --- [    Test worker] com.zaxxer.hikari.HikariDataSource       : HikariPool-1 - Start completed.
2023-01-22 12:38:25.593  INFO 15128 --- [    Test worker] org.hibernate.dialect.Dialect            : HHH000400: Using dialect: org.hibernate.dialect.MySQL57Dialect
2023-01-22 12:38:26.318  INFO 15128 --- [    Test worker] o.h.e.t.j.p.i.JtaPlatformInitiator       : HHH000490: Using JtaPlatform implementation: [org.hibernate.engine.transaction.jta.platform.internal.NoJtaPlatform]
2023-01-22 12:38:26.331  INFO 15128 --- [    Test worker] j.LocalContainerEntityManagerFactoryBean : Initialized JPA EntityManagerFactory for persistence unit 'default'
2023-01-22 12:38:26.865  WARN 15128 --- [    Test worker] JpaBaseConfiguration$JpaWebConfiguration : spring.jpa.open-in-view is enabled by default. Therefore, database queries may be performed during view rendering. Explicitly configure spring.jpa.open-in-view to disable this warning
2023-01-22 12:38:27.800  INFO 15128 --- [    Test worker] o.s.s.web.DefaultSecurityFilterChain     : Will secure any request with [org.springframework.security.web.session.DisableEncodeUrlFilter@85eba52, org.springframework.security.web.context.request.async.WebAsyncManagerIntegrationFilter@1a34f8e2, org.springframework.security.web.context.SecurityContextPersistenceFilter@5b9df3b3, org.springframework.security.web.header.HeaderWriterFilter@1ee52741, org.springframework.web.filter.CorsFilter@222a7429, org.springframework.security.web.authentication.logout.LogoutFilter@37816ea6, com.msproject.pet.util.TokenRequestFilter@7c5c2b17, org.springframework.security.web.savedrequest.RequestCacheAwareFilter@3e0a112f, org.springframework.security.web.servletapi.SecurityContextHolderAwareRequestFilter@63ccb1b2, org.springframework.security.web.authentication.AnonymousAuthenticationFilter@22a8c837, org.springframework.security.web.session.SessionManagementFilter@70940cb8, org.springframework.security.web.access.ExceptionTranslationFilter@205b73d8, org.springframework.security.web.access.intercept.FilterSecurityInterceptor@11771fd6]
2023-01-22 12:38:28.431  INFO 15128 --- [    Test worker] c.msproject.pet.web.UserControllerTest   : Started UserControllerTest in 5.603 seconds (JVM running for 6.938)
2023-01-22 12:38:28.670  INFO 15128 --- [    Test worker] o.s.mock.web.MockServletContext          : Initializing Spring TestDispatcherServlet ''
2023-01-22 12:38:28.671  INFO 15128 --- [    Test worker] o.s.t.web.servlet.TestDispatcherServlet  : Initializing Servlet ''
2023-01-22 12:38:28.671  INFO 15128 --- [    Test worker] o.s.t.web.servlet.TestDispatcherServlet  : Completed initialization in 0 ms
Hibernate: select userentity0_.idx as idx1_1_, userentity0_.user_id as user_id2_1_, userentity0_.user_name as user_nam3_1_, userentity0_.user_pw as user_pw4_1_ from tb_user userentity0_ where userentity0_.user_id=?
Hibernate: select userentity0_.idx as idx1_1_, userentity0_.user_id as user_id2_1_, userentity0_.user_name as user_nam3_1_, userentity0_.user_pw as user_pw4_1_ from tb_user userentity0_ where userentity0_.user_id=?

MockHttpServletRequest:
      HTTP Method = POST
      Request URI = /user/login
       Parameters = {}
          Headers = [Content-Type:"application/json", Content-Length:"49"]
             Body = <no character encoding set>
    Session Attrs = {}

Handler:
             Type = com.msproject.pet.web.UserController
           Method = com.msproject.pet.web.UserController#login(Map)

Async:
    Async started = false
     Async result = null

Resolved Exception:
             Type = null

ModelAndView:
        View name = null
             View = null
            Model = null

FlashMap:
       Attributes = null

MockHttpServletResponse:
           Status = 200
    Error message = null
          Headers = [Vary:"Origin", "Access-Control-Request-Method", "Access-Control-Request-Headers", Content-Type:"application/json"]
     Content type = application/json
             Body = {"user_role":"ROLE_USER","user_id":"test_user","user_token":"eyJ0eXAiOiJKV1QiLCJhbGciOiJIUzI1NiJ9.eyJpc3MiOiJ2dWUtYm9hcmQiLCJ1c2VyTmFtZSI6InRlc3RfdXNlciIsInVzZXJJZCI6InRlc3RfdXNlciIsImlhdCI6MTY3NDM1ODcwOX0.zdMMtY0eBbnWyTjXuy0P1L1evQe4SlwKNnZLGAhv3u0"}
    Forwarded URL = null
   Redirected URL = null
          Cookies = []
{"user_role":"ROLE_USER","user_id":"test_user","user_token":"eyJ0eXAiOiJKV1QiLCJhbGciOiJIUzI1NiJ9.eyJpc3MiOiJ2dWUtYm9hcmQiLCJ1c2VyTmFtZSI6InRlc3RfdXNlciIsInVzZXJJZCI6InRlc3RfdXNlciIsImlhdCI6MTY3NDM1ODcwOX0.zdMMtY0eBbnWyTjXuy0P1L1evQe4SlwKNnZLGAhv3u0"}
]]></system-out>
  <system-err><![CDATA[]]></system-err>
</testsuite>
